<?xml version="1.0" encoding="UTF-8"?>
<!-- Generated by org.testng.reporters.JUnitXMLReporter -->
<testsuite ignored="0" hostname="PSL-5CD44041VY" failures="0" tests="3" name="Default test" time="18.272" errors="0" timestamp="2024-11-28T16:37:45 IST">
  <testcase classname="ExtentReportTest.ExtentReportTest" name="initializeDemo" time="8.337"/>
  <testcase classname="ExtentReportTest.ExtentReportTest" name="initializeDemo2" time="7.702"/>
  <testcase classname="ExtentReportTest.ExtentReportTest" name="initializeDemo3" time="1.503"/>
</testsuite> <!-- Default test -->
