<?xml version="1.0" encoding="UTF-8"?>
<!-- Generated by org.testng.reporters.JUnitXMLReporter -->
<testsuite ignored="1" hostname="PSL-5CD44041VY" failures="0" tests="4" name="Test" time="0.088" errors="0" timestamp="2024-11-23T12:59:33 IST">
  <testcase classname="TestNG_practice.Day1_practice" name="test2" time="0.011"/>
  <testcase classname="TestNG_practice.Day1_practice" name="test3" time="0.002"/>
  <testcase classname="TestNG_practice.Day2_practice" name="day2_test2" time="0.002"/>
  <testcase classname="TestNG_practice.Day2_practice" name="day2_test3" time="0.002"/>
  <testcase classname="TestNG_practice.Day1_practice" name="test1" time="0.0">
    <ignored/>
  </testcase> <!-- test1 -->
</testsuite> <!-- Test -->
