<?xml version="1.0" encoding="UTF-8"?>
<testng-results ignored="0" total="3" passed="3" failed="0" skipped="0">
  <reporter-output>
  </reporter-output>
  <suite started-at="2024-11-28T16:37:27 IST" name="Default suite" finished-at="2024-11-28T16:37:45 IST" duration-ms="18272">
    <groups>
    </groups>
    <test started-at="2024-11-28T16:37:27 IST" name="Default test" finished-at="2024-11-28T16:37:45 IST" duration-ms="18272">
      <class name="ExtentReportTest.ExtentReportTest">
        <test-method is-config="true" signature="extentReportConfig()[pri:0, instance:ExtentReportTest.ExtentReportTest@3f191845]" started-at="2024-11-28T16:37:27 IST" name="extentReportConfig" finished-at="2024-11-28T16:37:27 IST" duration-ms="295" status="PASS">
          <reporter-output>
          </reporter-output>
        </test-method> <!-- extentReportConfig -->
        <test-method signature="initializeDemo()[pri:0, instance:ExtentReportTest.ExtentReportTest@3f191845]" started-at="2024-11-28T16:37:27 IST" name="initializeDemo" finished-at="2024-11-28T16:37:35 IST" duration-ms="8337" status="PASS">
          <reporter-output>
          </reporter-output>
        </test-method> <!-- initializeDemo -->
        <test-method signature="initializeDemo2()[pri:0, instance:ExtentReportTest.ExtentReportTest@3f191845]" started-at="2024-11-28T16:37:35 IST" name="initializeDemo2" finished-at="2024-11-28T16:37:43 IST" duration-ms="7702" status="PASS">
          <reporter-output>
          </reporter-output>
        </test-method> <!-- initializeDemo2 -->
        <test-method signature="initializeDemo3()[pri:0, instance:ExtentReportTest.ExtentReportTest@3f191845]" started-at="2024-11-28T16:37:43 IST" name="initializeDemo3" finished-at="2024-11-28T16:37:44 IST" duration-ms="1503" status="PASS">
          <reporter-output>
          </reporter-output>
        </test-method> <!-- initializeDemo3 -->
        <test-method is-config="true" signature="tierDown()[pri:0, instance:ExtentReportTest.ExtentReportTest@3f191845]" started-at="2024-11-28T16:37:44 IST" name="tierDown" finished-at="2024-11-28T16:37:45 IST" duration-ms="370" status="PASS">
          <reporter-output>
          </reporter-output>
        </test-method> <!-- tierDown -->
      </class> <!-- ExtentReportTest.ExtentReportTest -->
    </test> <!-- Default test -->
  </suite> <!-- Default suite -->
</testng-results>
